[2024-11-23 01:12:18,310] [INFO] [real_accelerator.py:219:get_accelerator] Setting ds_accelerator to cuda (auto detect)
[2024-11-23 01:12:20,301] [INFO] [comm.py:652:init_distributed] cdb=None
[2024-11-23 01:12:20,301] [INFO] [comm.py:667:init_distributed] Not using the DeepSpeed or dist launchers, attempting to detect MPI environment...
--------------------------------------------------------------------------
WARNING: No preset parameters were found for the device that Open MPI
detected:

  Local host:            gpu048
  Device name:           mlx5_0
  Device vendor ID:      0x02c9
  Device vendor part ID: 4123

Default device parameters will be used, which may result in lower
performance.  You can edit any of the files specified by the
btl_openib_device_param_files MCA parameter to set values for your
device.

NOTE: You can turn off this warning by setting the MCA parameter
      btl_openib_warn_no_device_params_found to 0.
--------------------------------------------------------------------------
--------------------------------------------------------------------------
WARNING: There was an error initializing an OpenFabrics device.

  Local host:   gpu048
  Local device: mlx5_0
--------------------------------------------------------------------------
[2024-11-23 01:12:20,675] [INFO] [comm.py:718:mpi_discovery] Discovered MPI settings of world_rank=0, local_rank=0, world_size=1, master_addr=172.17.8.48, master_port=29500
[2024-11-23 01:12:20,676] [INFO] [comm.py:683:init_distributed] Initializing TorchBackend in DeepSpeed with backend nccl
[2024-11-23 01:12:22,111] [INFO] [logging.py:128:log_dist] [Rank 0] DeepSpeed info: version=0.15.4, git-hash=unknown, git-branch=unknown
[2024-11-23 01:12:22,111] [INFO] [config.py:733:__init__] Config mesh_device None world_size = 1
[2024-11-23 01:12:24,670] [INFO] [logging.py:128:log_dist] [Rank 0] DeepSpeed Flops Profiler Enabled: False
[2024-11-23 01:12:24,671] [INFO] [logging.py:128:log_dist] [Rank 0] Using client Optimizer as basic optimizer
[2024-11-23 01:12:24,671] [INFO] [logging.py:128:log_dist] [Rank 0] Removing param_group that has no 'params' in the basic Optimizer
[2024-11-23 01:12:24,677] [INFO] [logging.py:128:log_dist] [Rank 0] DeepSpeed Basic Optimizer = AdamW
[2024-11-23 01:12:24,677] [INFO] [logging.py:128:log_dist] [Rank 0] DeepSpeed Final Optimizer = AdamW
[2024-11-23 01:12:24,677] [INFO] [logging.py:128:log_dist] [Rank 0] DeepSpeed using configured LR scheduler = None
[2024-11-23 01:12:24,677] [INFO] [logging.py:128:log_dist] [Rank 0] DeepSpeed LR Scheduler = None
[2024-11-23 01:12:24,677] [INFO] [logging.py:128:log_dist] [Rank 0] step=0, skipped=0, lr=[0.0001], mom=[(0.9, 0.999)]
[2024-11-23 01:12:24,678] [INFO] [config.py:999:print] DeepSpeedEngine configuration:
[2024-11-23 01:12:24,679] [INFO] [config.py:1003:print]   activation_checkpointing_config  {
    "partition_activations": false, 
    "contiguous_memory_optimization": false, 
    "cpu_checkpointing": false, 
    "number_checkpoints": null, 
    "synchronize_checkpoint_boundary": false, 
    "profile": false
}
[2024-11-23 01:12:24,679] [INFO] [config.py:1003:print]   aio_config ................... {'block_size': 1048576, 'queue_depth': 8, 'thread_count': 1, 'single_submit': False, 'overlap_events': True, 'use_gds': False}
[2024-11-23 01:12:24,679] [INFO] [config.py:1003:print]   amp_enabled .................. False
[2024-11-23 01:12:24,679] [INFO] [config.py:1003:print]   amp_params ................... False
[2024-11-23 01:12:24,679] [INFO] [config.py:1003:print]   autotuning_config ............ {
    "enabled": false, 
    "start_step": null, 
    "end_step": null, 
    "metric_path": null, 
    "arg_mappings": null, 
    "metric": "throughput", 
    "model_info": null, 
    "results_dir": "autotuning_results", 
    "exps_dir": "autotuning_exps", 
    "overwrite": true, 
    "fast": true, 
    "start_profile_step": 3, 
    "end_profile_step": 5, 
    "tuner_type": "gridsearch", 
    "tuner_early_stopping": 5, 
    "tuner_num_trials": 50, 
    "model_info_path": null, 
    "mp_size": 1, 
    "max_train_batch_size": null, 
    "min_train_batch_size": 1, 
    "max_train_micro_batch_size_per_gpu": 1.024000e+03, 
    "min_train_micro_batch_size_per_gpu": 1, 
    "num_tuning_micro_batch_sizes": 3
}
[2024-11-23 01:12:24,680] [INFO] [config.py:1003:print]   bfloat16_enabled ............. False
[2024-11-23 01:12:24,680] [INFO] [config.py:1003:print]   bfloat16_immediate_grad_update  False
[2024-11-23 01:12:24,680] [INFO] [config.py:1003:print]   checkpoint_parallel_write_pipeline  False
[2024-11-23 01:12:24,680] [INFO] [config.py:1003:print]   checkpoint_tag_validation_enabled  True
[2024-11-23 01:12:24,680] [INFO] [config.py:1003:print]   checkpoint_tag_validation_fail  False
[2024-11-23 01:12:24,680] [INFO] [config.py:1003:print]   comms_config ................. <deepspeed.comm.config.DeepSpeedCommsConfig object at 0x7fdef81836a0>
[2024-11-23 01:12:24,680] [INFO] [config.py:1003:print]   communication_data_type ...... None
[2024-11-23 01:12:24,680] [INFO] [config.py:1003:print]   compression_config ........... {'weight_quantization': {'shared_parameters': {'enabled': False, 'quantizer_kernel': False, 'schedule_offset': 0, 'quantize_groups': 1, 'quantize_verbose': False, 'quantization_type': 'symmetric', 'quantize_weight_in_forward': False, 'rounding': 'nearest', 'fp16_mixed_quantize': False, 'quantize_change_ratio': 0.001}, 'different_groups': {}}, 'activation_quantization': {'shared_parameters': {'enabled': False, 'quantization_type': 'symmetric', 'range_calibration': 'dynamic', 'schedule_offset': 1000}, 'different_groups': {}}, 'sparse_pruning': {'shared_parameters': {'enabled': False, 'method': 'l1', 'schedule_offset': 1000}, 'different_groups': {}}, 'row_pruning': {'shared_parameters': {'enabled': False, 'method': 'l1', 'schedule_offset': 1000}, 'different_groups': {}}, 'head_pruning': {'shared_parameters': {'enabled': False, 'method': 'topk', 'schedule_offset': 1000}, 'different_groups': {}}, 'channel_pruning': {'shared_parameters': {'enabled': False, 'method': 'l1', 'schedule_offset': 1000}, 'different_groups': {}}, 'layer_reduction': {'enabled': False}}
[2024-11-23 01:12:24,680] [INFO] [config.py:1003:print]   curriculum_enabled_legacy .... False
[2024-11-23 01:12:24,681] [INFO] [config.py:1003:print]   curriculum_params_legacy ..... False
[2024-11-23 01:12:24,681] [INFO] [config.py:1003:print]   data_efficiency_config ....... {'enabled': False, 'seed': 1234, 'data_sampling': {'enabled': False, 'num_epochs': 1000, 'num_workers': 0, 'curriculum_learning': {'enabled': False}}, 'data_routing': {'enabled': False, 'random_ltd': {'enabled': False, 'layer_token_lr_schedule': {'enabled': False}}}}
[2024-11-23 01:12:24,681] [INFO] [config.py:1003:print]   data_efficiency_enabled ...... False
[2024-11-23 01:12:24,681] [INFO] [config.py:1003:print]   dataloader_drop_last ......... False
[2024-11-23 01:12:24,681] [INFO] [config.py:1003:print]   disable_allgather ............ False
[2024-11-23 01:12:24,681] [INFO] [config.py:1003:print]   dump_state ................... False
[2024-11-23 01:12:24,681] [INFO] [config.py:1003:print]   dynamic_loss_scale_args ...... None
[2024-11-23 01:12:24,681] [INFO] [config.py:1003:print]   eigenvalue_enabled ........... False
[2024-11-23 01:12:24,681] [INFO] [config.py:1003:print]   eigenvalue_gas_boundary_resolution  1
[2024-11-23 01:12:24,681] [INFO] [config.py:1003:print]   eigenvalue_layer_name ........ bert.encoder.layer
[2024-11-23 01:12:24,681] [INFO] [config.py:1003:print]   eigenvalue_layer_num ......... 0
[2024-11-23 01:12:24,681] [INFO] [config.py:1003:print]   eigenvalue_max_iter .......... 100
[2024-11-23 01:12:24,681] [INFO] [config.py:1003:print]   eigenvalue_stability ......... 1e-06
[2024-11-23 01:12:24,681] [INFO] [config.py:1003:print]   eigenvalue_tol ............... 0.01
[2024-11-23 01:12:24,681] [INFO] [config.py:1003:print]   eigenvalue_verbose ........... False
[2024-11-23 01:12:24,681] [INFO] [config.py:1003:print]   elasticity_enabled ........... False
[2024-11-23 01:12:24,681] [INFO] [config.py:1003:print]   flops_profiler_config ........ {
    "enabled": false, 
    "recompute_fwd_factor": 0.0, 
    "profile_step": 1, 
    "module_depth": -1, 
    "top_modules": 1, 
    "detailed": true, 
    "output_file": null
}
[2024-11-23 01:12:24,681] [INFO] [config.py:1003:print]   fp16_auto_cast ............... None
[2024-11-23 01:12:24,681] [INFO] [config.py:1003:print]   fp16_enabled ................. False
[2024-11-23 01:12:24,681] [INFO] [config.py:1003:print]   fp16_master_weights_and_gradients  False
[2024-11-23 01:12:24,681] [INFO] [config.py:1003:print]   global_rank .................. 0
[2024-11-23 01:12:24,681] [INFO] [config.py:1003:print]   grad_accum_dtype ............. None
[2024-11-23 01:12:24,681] [INFO] [config.py:1003:print]   gradient_accumulation_steps .. 1
[2024-11-23 01:12:24,681] [INFO] [config.py:1003:print]   gradient_clipping ............ 0.0
[2024-11-23 01:12:24,681] [INFO] [config.py:1003:print]   gradient_predivide_factor .... 1.0
[2024-11-23 01:12:24,681] [INFO] [config.py:1003:print]   graph_harvesting ............. False
[2024-11-23 01:12:24,682] [INFO] [config.py:1003:print]   hybrid_engine ................ enabled=False max_out_tokens=512 inference_tp_size=1 release_inference_cache=False pin_parameters=True tp_gather_partition_size=8
[2024-11-23 01:12:24,682] [INFO] [config.py:1003:print]   initial_dynamic_scale ........ 65536
[2024-11-23 01:12:24,682] [INFO] [config.py:1003:print]   load_universal_checkpoint .... False
[2024-11-23 01:12:24,682] [INFO] [config.py:1003:print]   loss_scale ................... 0
[2024-11-23 01:12:24,682] [INFO] [config.py:1003:print]   memory_breakdown ............. False
[2024-11-23 01:12:24,682] [INFO] [config.py:1003:print]   mics_hierarchial_params_gather  False
[2024-11-23 01:12:24,682] [INFO] [config.py:1003:print]   mics_shard_size .............. -1
[2024-11-23 01:12:24,682] [INFO] [config.py:1003:print]   monitor_config ............... tensorboard=TensorBoardConfig(enabled=False, output_path='', job_name='DeepSpeedJobName') comet=CometConfig(enabled=False, samples_log_interval=100, project=None, workspace=None, api_key=None, experiment_name=None, experiment_key=None, online=None, mode=None) wandb=WandbConfig(enabled=False, group=None, team=None, project='deepspeed') csv_monitor=CSVConfig(enabled=False, output_path='', job_name='DeepSpeedJobName')
[2024-11-23 01:12:24,682] [INFO] [config.py:1003:print]   nebula_config ................ {
    "enabled": false, 
    "persistent_storage_path": null, 
    "persistent_time_interval": 100, 
    "num_of_version_in_retention": 2, 
    "enable_nebula_load": true, 
    "load_path": null
}
[2024-11-23 01:12:24,682] [INFO] [config.py:1003:print]   optimizer_legacy_fusion ...... False
[2024-11-23 01:12:24,682] [INFO] [config.py:1003:print]   optimizer_name ............... None
[2024-11-23 01:12:24,682] [INFO] [config.py:1003:print]   optimizer_params ............. None
[2024-11-23 01:12:24,682] [INFO] [config.py:1003:print]   pipeline ..................... {'stages': 'auto', 'partition': 'best', 'seed_layers': False, 'activation_checkpoint_interval': 0, 'pipe_partitioned': False, 'grad_partitioned': True}
[2024-11-23 01:12:24,682] [INFO] [config.py:1003:print]   pld_enabled .................. False
[2024-11-23 01:12:24,682] [INFO] [config.py:1003:print]   pld_params ................... False
[2024-11-23 01:12:24,682] [INFO] [config.py:1003:print]   prescale_gradients ........... False
[2024-11-23 01:12:24,682] [INFO] [config.py:1003:print]   scheduler_name ............... None
[2024-11-23 01:12:24,682] [INFO] [config.py:1003:print]   scheduler_params ............. None
[2024-11-23 01:12:24,682] [INFO] [config.py:1003:print]   seq_parallel_communication_data_type  torch.float32
[2024-11-23 01:12:24,682] [INFO] [config.py:1003:print]   sparse_attention ............. None
[2024-11-23 01:12:24,683] [INFO] [config.py:1003:print]   sparse_gradients_enabled ..... False
[2024-11-23 01:12:24,683] [INFO] [config.py:1003:print]   steps_per_print .............. None
[2024-11-23 01:12:24,683] [INFO] [config.py:1003:print]   timers_config ................ enabled=True synchronized=True
[2024-11-23 01:12:24,683] [INFO] [config.py:1003:print]   train_batch_size ............. 32
[2024-11-23 01:12:24,683] [INFO] [config.py:1003:print]   train_micro_batch_size_per_gpu  32
[2024-11-23 01:12:24,683] [INFO] [config.py:1003:print]   use_data_before_expert_parallel_  False
[2024-11-23 01:12:24,683] [INFO] [config.py:1003:print]   use_node_local_storage ....... False
[2024-11-23 01:12:24,683] [INFO] [config.py:1003:print]   wall_clock_breakdown ......... True
[2024-11-23 01:12:24,683] [INFO] [config.py:1003:print]   weight_quantization_config ... None
[2024-11-23 01:12:24,683] [INFO] [config.py:1003:print]   world_size ................... 1
[2024-11-23 01:12:24,683] [INFO] [config.py:1003:print]   zero_allow_untested_optimizer  False
[2024-11-23 01:12:24,683] [INFO] [config.py:1003:print]   zero_config .................. stage=0 contiguous_gradients=True reduce_scatter=True reduce_bucket_size=500000000 use_multi_rank_bucket_allreduce=True allgather_partitions=True allgather_bucket_size=500000000 overlap_comm=False load_from_fp32_weights=True elastic_checkpoint=False offload_param=DeepSpeedZeroOffloadParamConfig(device='none', nvme_path=None, buffer_count=5, buffer_size=100000000, max_in_cpu=1000000000, pin_memory=False) offload_optimizer=DeepSpeedZeroOffloadOptimizerConfig(device='none', nvme_path=None, buffer_count=4, pin_memory=False, pipeline_read=False, pipeline_write=False, fast_init=False, ratio=1.0) sub_group_size=1000000000 cpu_offload_param=None cpu_offload_use_pin_memory=None cpu_offload=None prefetch_bucket_size=50000000 param_persistence_threshold=100000 model_persistence_threshold=9223372036854775807 max_live_parameters=1000000000 max_reuse_distance=1000000000 gather_16bit_weights_on_model_save=False use_all_reduce_for_fetch_params=False stage3_gather_fp16_weights_on_model_save=False ignore_unused_parameters=True legacy_stage1=False round_robin_gradients=False zero_hpz_partition_size=1 zero_quantized_weights=False zero_quantized_nontrainable_weights=False zero_quantized_gradients=False mics_shard_size=-1 mics_hierarchical_params_gather=False memory_efficient_linear=True pipeline_loading_checkpoint=False override_module_apply=True
[2024-11-23 01:12:24,683] [INFO] [config.py:1003:print]   zero_enabled ................. False
[2024-11-23 01:12:24,683] [INFO] [config.py:1003:print]   zero_force_ds_cpu_optimizer .. True
[2024-11-23 01:12:24,683] [INFO] [config.py:1003:print]   zero_optimization_stage ...... 0
[2024-11-23 01:12:24,683] [INFO] [config.py:989:print_user_config]   json = {
    "train_batch_size": 32, 
    "gradient_accumulation_steps": 1, 
    "micro_batch_per_gpu": 16, 
    "fp16": {
        "enabled": false
    }, 
    "zero_optimization": {
        "stage": 0, 
        "offload_optimizer": {
            "device": "none"
        }, 
        "offload_param": {
            "device": "none"
        }
    }, 
    "wall_clock_breakdown": true, 
    "prescale_gradients": false, 
    "pipeline": {
        "pipe_partitioned": false
    }, 
    "pin_memory": true
}
model_engine.train_micro_batch_size_per_gpu(): 32
/fs01/home/h3trinh/Scalable_ViT_DT/vector/log/1_GPU
[2024-11-23 01:12:31,574] [INFO] [logging.py:128:log_dist] [Rank 0] time (ms) | fwd_microstep: 5507.69 | bwd_microstep: 163.99 | bwd_inner_microstep: 161.16 | bwd_allreduce_microstep: 2.82 | step_microstep: 14.36
[2024-11-23 01:12:31,575] [INFO] [logging.py:128:log_dist] [Rank 0] time (ms) | fwd: 5507.59 | bwd: 163.99 | bwd_inner: 161.16 | bwd_allreduce: 2.82 | step: 14.36
[2024-11-23 01:12:31,850] [INFO] [logging.py:128:log_dist] [Rank 0] time (ms) | fwd_microstep: 89.19 | bwd_microstep: 170.17 | bwd_inner_microstep: 167.32 | bwd_allreduce_microstep: 2.84 | step_microstep: 12.61
[2024-11-23 01:12:31,850] [INFO] [logging.py:128:log_dist] [Rank 0] time (ms) | fwd: 89.17 | bwd: 170.17 | bwd_inner: 167.32 | bwd_allreduce: 2.84 | step: 12.61
[2024-11-23 01:12:32,126] [INFO] [logging.py:128:log_dist] [Rank 0] time (ms) | fwd_microstep: 90.11 | bwd_microstep: 170.36 | bwd_inner_microstep: 167.51 | bwd_allreduce_microstep: 2.84 | step_microstep: 12.80
[2024-11-23 01:12:32,126] [INFO] [logging.py:128:log_dist] [Rank 0] time (ms) | fwd: 90.04 | bwd: 170.36 | bwd_inner: 167.51 | bwd_allreduce: 2.84 | step: 12.85
[2024-11-23 01:12:32,402] [INFO] [logging.py:128:log_dist] [Rank 0] time (ms) | fwd_microstep: 89.85 | bwd_microstep: 170.56 | bwd_inner_microstep: 167.71 | bwd_allreduce_microstep: 2.84 | step_microstep: 12.72
[2024-11-23 01:12:32,402] [INFO] [logging.py:128:log_dist] [Rank 0] time (ms) | fwd: 89.83 | bwd: 170.56 | bwd_inner: 167.71 | bwd_allreduce: 2.84 | step: 12.75
[2024-11-23 01:12:32,679] [INFO] [logging.py:128:log_dist] [Rank 0] time (ms) | fwd_microstep: 89.93 | bwd_microstep: 171.03 | bwd_inner_microstep: 168.18 | bwd_allreduce_microstep: 2.84 | step_microstep: 12.78
[2024-11-23 01:12:32,679] [INFO] [logging.py:128:log_dist] [Rank 0] time (ms) | fwd: 89.88 | bwd: 171.03 | bwd_inner: 168.18 | bwd_allreduce: 2.84 | step: 12.81
[2024-11-23 01:12:32,955] [INFO] [logging.py:128:log_dist] [Rank 0] time (ms) | fwd_microstep: 89.85 | bwd_microstep: 170.91 | bwd_inner_microstep: 168.06 | bwd_allreduce_microstep: 2.85 | step_microstep: 12.75
[2024-11-23 01:12:32,956] [INFO] [logging.py:128:log_dist] [Rank 0] time (ms) | fwd: 89.83 | bwd: 170.91 | bwd_inner: 168.06 | bwd_allreduce: 2.85 | step: 12.88
[2024-11-23 01:12:33,232] [INFO] [logging.py:128:log_dist] [Rank 0] time (ms) | fwd_microstep: 90.06 | bwd_microstep: 170.83 | bwd_inner_microstep: 167.98 | bwd_allreduce_microstep: 2.84 | step_microstep: 12.90
[2024-11-23 01:12:33,233] [INFO] [logging.py:128:log_dist] [Rank 0] time (ms) | fwd: 89.99 | bwd: 170.83 | bwd_inner: 167.98 | bwd_allreduce: 2.84 | step: 12.94
[2024-11-23 01:12:33,509] [INFO] [logging.py:128:log_dist] [Rank 0] time (ms) | fwd_microstep: 89.87 | bwd_microstep: 170.45 | bwd_inner_microstep: 167.60 | bwd_allreduce_microstep: 2.84 | step_microstep: 12.73
[2024-11-23 01:12:33,509] [INFO] [logging.py:128:log_dist] [Rank 0] time (ms) | fwd: 89.85 | bwd: 170.45 | bwd_inner: 167.60 | bwd_allreduce: 2.84 | step: 12.76
[2024-11-23 01:12:33,786] [INFO] [logging.py:128:log_dist] [Rank 0] time (ms) | fwd_microstep: 90.05 | bwd_microstep: 170.88 | bwd_inner_microstep: 168.02 | bwd_allreduce_microstep: 2.85 | step_microstep: 13.02
[2024-11-23 01:12:33,786] [INFO] [logging.py:128:log_dist] [Rank 0] time (ms) | fwd: 89.99 | bwd: 170.88 | bwd_inner: 168.02 | bwd_allreduce: 2.85 | step: 13.06
[2024-11-23 01:12:34,062] [INFO] [logging.py:128:log_dist] [Rank 0] time (ms) | fwd_microstep: 90.04 | bwd_microstep: 170.44 | bwd_inner_microstep: 167.60 | bwd_allreduce_microstep: 2.83 | step_microstep: 12.72
[2024-11-23 01:12:34,063] [INFO] [logging.py:128:log_dist] [Rank 0] time (ms) | fwd: 90.02 | bwd: 170.44 | bwd_inner: 167.60 | bwd_allreduce: 2.83 | step: 12.75
[2024-11-23 01:12:34,337] [INFO] [logging.py:128:log_dist] [Rank 0] time (ms) | fwd_microstep: 89.41 | bwd_microstep: 169.78 | bwd_inner_microstep: 166.92 | bwd_allreduce_microstep: 2.85 | step_microstep: 12.79
[2024-11-23 01:12:34,338] [INFO] [logging.py:128:log_dist] [Rank 0] time (ms) | fwd: 89.36 | bwd: 169.78 | bwd_inner: 166.92 | bwd_allreduce: 2.85 | step: 12.82
[2024-11-23 01:12:34,612] [INFO] [logging.py:128:log_dist] [Rank 0] time (ms) | fwd_microstep: 89.27 | bwd_microstep: 169.76 | bwd_inner_microstep: 166.91 | bwd_allreduce_microstep: 2.84 | step_microstep: 12.81
[2024-11-23 01:12:34,613] [INFO] [logging.py:128:log_dist] [Rank 0] time (ms) | fwd: 89.25 | bwd: 169.76 | bwd_inner: 166.91 | bwd_allreduce: 2.84 | step: 12.85
[2024-11-23 01:12:34,887] [INFO] [logging.py:128:log_dist] [Rank 0] time (ms) | fwd_microstep: 89.32 | bwd_microstep: 169.79 | bwd_inner_microstep: 166.94 | bwd_allreduce_microstep: 2.84 | step_microstep: 12.67
[2024-11-23 01:12:34,887] [INFO] [logging.py:128:log_dist] [Rank 0] time (ms) | fwd: 89.30 | bwd: 169.79 | bwd_inner: 166.94 | bwd_allreduce: 2.84 | step: 12.70
[2024-11-23 01:12:35,162] [INFO] [logging.py:128:log_dist] [Rank 0] time (ms) | fwd_microstep: 89.35 | bwd_microstep: 169.87 | bwd_inner_microstep: 167.01 | bwd_allreduce_microstep: 2.84 | step_microstep: 12.72
[2024-11-23 01:12:35,162] [INFO] [logging.py:128:log_dist] [Rank 0] time (ms) | fwd: 89.33 | bwd: 169.87 | bwd_inner: 167.01 | bwd_allreduce: 2.84 | step: 12.75
[2024-11-23 01:12:35,436] [INFO] [logging.py:128:log_dist] [Rank 0] time (ms) | fwd_microstep: 89.30 | bwd_microstep: 170.24 | bwd_inner_microstep: 167.38 | bwd_allreduce_microstep: 2.84 | step_microstep: 12.71
[2024-11-23 01:12:35,437] [INFO] [logging.py:128:log_dist] [Rank 0] time (ms) | fwd: 89.28 | bwd: 170.24 | bwd_inner: 167.38 | bwd_allreduce: 2.84 | step: 12.74
[2024-11-23 01:12:35,618] [INFO] [logging.py:128:log_dist] [Rank 0] time (ms) | fwd_microstep: 57.04 | bwd_microstep: 110.27 | bwd_inner_microstep: 107.41 | bwd_allreduce_microstep: 2.85 | step_microstep: 12.67
[2024-11-23 01:12:35,619] [INFO] [logging.py:128:log_dist] [Rank 0] time (ms) | fwd: 57.02 | bwd: 110.27 | bwd_inner: 107.41 | bwd_allreduce: 2.85 | step: 12.70
[2024-11-23 01:12:36,218] [INFO] [logging.py:128:log_dist] [Rank 0] time (ms) | fwd_microstep: 90.53 | bwd_microstep: 171.53 | bwd_inner_microstep: 168.67 | bwd_allreduce_microstep: 2.85 | step_microstep: 12.77
[2024-11-23 01:12:36,220] [INFO] [logging.py:128:log_dist] [Rank 0] time (ms) | fwd: 90.48 | bwd: 171.53 | bwd_inner: 168.67 | bwd_allreduce: 2.85 | step: 12.80
[2024-11-23 01:12:36,496] [INFO] [logging.py:128:log_dist] [Rank 0] time (ms) | fwd_microstep: 89.86 | bwd_microstep: 170.65 | bwd_inner_microstep: 167.79 | bwd_allreduce_microstep: 2.85 | step_microstep: 12.76
[2024-11-23 01:12:36,496] [INFO] [logging.py:128:log_dist] [Rank 0] time (ms) | fwd: 89.84 | bwd: 170.65 | bwd_inner: 167.79 | bwd_allreduce: 2.85 | step: 12.80
[2024-11-23 01:12:36,771] [INFO] [logging.py:128:log_dist] [Rank 0] time (ms) | fwd_microstep: 89.48 | bwd_microstep: 169.95 | bwd_inner_microstep: 167.10 | bwd_allreduce_microstep: 2.85 | step_microstep: 12.74
[2024-11-23 01:12:36,771] [INFO] [logging.py:128:log_dist] [Rank 0] time (ms) | fwd: 89.45 | bwd: 169.95 | bwd_inner: 167.10 | bwd_allreduce: 2.85 | step: 12.77
[2024-11-23 01:12:37,046] [INFO] [logging.py:128:log_dist] [Rank 0] time (ms) | fwd_microstep: 89.47 | bwd_microstep: 169.73 | bwd_inner_microstep: 166.88 | bwd_allreduce_microstep: 2.84 | step_microstep: 12.76
[2024-11-23 01:12:37,046] [INFO] [logging.py:128:log_dist] [Rank 0] time (ms) | fwd: 89.44 | bwd: 169.73 | bwd_inner: 166.88 | bwd_allreduce: 2.84 | step: 12.79
[2024-11-23 01:12:37,321] [INFO] [logging.py:128:log_dist] [Rank 0] time (ms) | fwd_microstep: 89.41 | bwd_microstep: 170.06 | bwd_inner_microstep: 167.21 | bwd_allreduce_microstep: 2.84 | step_microstep: 12.76
[2024-11-23 01:12:37,322] [INFO] [logging.py:128:log_dist] [Rank 0] time (ms) | fwd: 89.38 | bwd: 170.06 | bwd_inner: 167.21 | bwd_allreduce: 2.84 | step: 12.80
[2024-11-23 01:12:37,597] [INFO] [logging.py:128:log_dist] [Rank 0] time (ms) | fwd_microstep: 89.40 | bwd_microstep: 170.52 | bwd_inner_microstep: 167.66 | bwd_allreduce_microstep: 2.85 | step_microstep: 12.78
[2024-11-23 01:12:37,597] [INFO] [logging.py:128:log_dist] [Rank 0] time (ms) | fwd: 89.37 | bwd: 170.52 | bwd_inner: 167.66 | bwd_allreduce: 2.85 | step: 12.81
[2024-11-23 01:12:37,873] [INFO] [logging.py:128:log_dist] [Rank 0] time (ms) | fwd_microstep: 89.47 | bwd_microstep: 170.26 | bwd_inner_microstep: 167.40 | bwd_allreduce_microstep: 2.85 | step_microstep: 12.79
[2024-11-23 01:12:37,873] [INFO] [logging.py:128:log_dist] [Rank 0] time (ms) | fwd: 89.44 | bwd: 170.26 | bwd_inner: 167.40 | bwd_allreduce: 2.85 | step: 12.83
[2024-11-23 01:12:38,148] [INFO] [logging.py:128:log_dist] [Rank 0] time (ms) | fwd_microstep: 89.52 | bwd_microstep: 170.11 | bwd_inner_microstep: 167.26 | bwd_allreduce_microstep: 2.85 | step_microstep: 12.76
[2024-11-23 01:12:38,148] [INFO] [logging.py:128:log_dist] [Rank 0] time (ms) | fwd: 89.49 | bwd: 170.11 | bwd_inner: 167.26 | bwd_allreduce: 2.85 | step: 12.79
[2024-11-23 01:12:38,424] [INFO] [logging.py:128:log_dist] [Rank 0] time (ms) | fwd_microstep: 89.54 | bwd_microstep: 170.17 | bwd_inner_microstep: 167.32 | bwd_allreduce_microstep: 2.84 | step_microstep: 12.77
[2024-11-23 01:12:38,424] [INFO] [logging.py:128:log_dist] [Rank 0] time (ms) | fwd: 89.51 | bwd: 170.17 | bwd_inner: 167.32 | bwd_allreduce: 2.84 | step: 12.80
[2024-11-23 01:12:38,699] [INFO] [logging.py:128:log_dist] [Rank 0] time (ms) | fwd_microstep: 89.44 | bwd_microstep: 170.00 | bwd_inner_microstep: 167.15 | bwd_allreduce_microstep: 2.84 | step_microstep: 12.73
[2024-11-23 01:12:38,699] [INFO] [logging.py:128:log_dist] [Rank 0] time (ms) | fwd: 89.41 | bwd: 170.00 | bwd_inner: 167.15 | bwd_allreduce: 2.84 | step: 12.77
[2024-11-23 01:12:38,974] [INFO] [logging.py:128:log_dist] [Rank 0] time (ms) | fwd_microstep: 89.45 | bwd_microstep: 170.49 | bwd_inner_microstep: 167.63 | bwd_allreduce_microstep: 2.85 | step_microstep: 12.73
[2024-11-23 01:12:38,975] [INFO] [logging.py:128:log_dist] [Rank 0] time (ms) | fwd: 89.43 | bwd: 170.48 | bwd_inner: 167.63 | bwd_allreduce: 2.85 | step: 12.77
[2024-11-23 01:12:39,250] [INFO] [logging.py:128:log_dist] [Rank 0] time (ms) | fwd_microstep: 89.56 | bwd_microstep: 170.33 | bwd_inner_microstep: 167.47 | bwd_allreduce_microstep: 2.84 | step_microstep: 12.72
[2024-11-23 01:12:39,251] [INFO] [logging.py:128:log_dist] [Rank 0] time (ms) | fwd: 89.53 | bwd: 170.33 | bwd_inner: 167.47 | bwd_allreduce: 2.84 | step: 12.75
[2024-11-23 01:12:39,525] [INFO] [logging.py:128:log_dist] [Rank 0] time (ms) | fwd_microstep: 89.52 | bwd_microstep: 170.12 | bwd_inner_microstep: 167.26 | bwd_allreduce_microstep: 2.85 | step_microstep: 12.69
[2024-11-23 01:12:39,526] [INFO] [logging.py:128:log_dist] [Rank 0] time (ms) | fwd: 89.50 | bwd: 170.12 | bwd_inner: 167.26 | bwd_allreduce: 2.85 | step: 12.72
[2024-11-23 01:12:39,801] [INFO] [logging.py:128:log_dist] [Rank 0] time (ms) | fwd_microstep: 89.57 | bwd_microstep: 170.48 | bwd_inner_microstep: 167.63 | bwd_allreduce_microstep: 2.83 | step_microstep: 12.71
[2024-11-23 01:12:39,801] [INFO] [logging.py:128:log_dist] [Rank 0] time (ms) | fwd: 89.54 | bwd: 170.48 | bwd_inner: 167.63 | bwd_allreduce: 2.83 | step: 12.74
[2024-11-23 01:12:40,076] [INFO] [logging.py:128:log_dist] [Rank 0] time (ms) | fwd_microstep: 89.47 | bwd_microstep: 170.63 | bwd_inner_microstep: 167.78 | bwd_allreduce_microstep: 2.84 | step_microstep: 12.70
[2024-11-23 01:12:40,077] [INFO] [logging.py:128:log_dist] [Rank 0] time (ms) | fwd: 89.44 | bwd: 170.63 | bwd_inner: 167.78 | bwd_allreduce: 2.84 | step: 12.73
[2024-11-23 01:12:40,258] [INFO] [logging.py:128:log_dist] [Rank 0] time (ms) | fwd_microstep: 55.91 | bwd_microstep: 110.86 | bwd_inner_microstep: 108.01 | bwd_allreduce_microstep: 2.85 | step_microstep: 12.71
[2024-11-23 01:12:40,258] [INFO] [logging.py:128:log_dist] [Rank 0] time (ms) | fwd: 55.88 | bwd: 110.86 | bwd_inner: 108.01 | bwd_allreduce: 2.85 | step: 12.74
[2024-11-23 01:12:40,861] [INFO] [logging.py:128:log_dist] [Rank 0] time (ms) | fwd_microstep: 90.59 | bwd_microstep: 170.15 | bwd_inner_microstep: 167.30 | bwd_allreduce_microstep: 2.84 | step_microstep: 12.76
[2024-11-23 01:12:40,862] [INFO] [logging.py:128:log_dist] [Rank 0] time (ms) | fwd: 90.54 | bwd: 170.15 | bwd_inner: 167.30 | bwd_allreduce: 2.84 | step: 12.79
[2024-11-23 01:12:41,137] [INFO] [logging.py:128:log_dist] [Rank 0] time (ms) | fwd_microstep: 89.59 | bwd_microstep: 170.31 | bwd_inner_microstep: 167.46 | bwd_allreduce_microstep: 2.84 | step_microstep: 12.73
[2024-11-23 01:12:41,138] [INFO] [logging.py:128:log_dist] [Rank 0] time (ms) | fwd: 89.56 | bwd: 170.31 | bwd_inner: 167.46 | bwd_allreduce: 2.84 | step: 12.76
[2024-11-23 01:12:41,413] [INFO] [logging.py:128:log_dist] [Rank 0] time (ms) | fwd_microstep: 89.58 | bwd_microstep: 170.42 | bwd_inner_microstep: 167.57 | bwd_allreduce_microstep: 2.84 | step_microstep: 12.73
[2024-11-23 01:12:41,413] [INFO] [logging.py:128:log_dist] [Rank 0] time (ms) | fwd: 89.55 | bwd: 170.42 | bwd_inner: 167.57 | bwd_allreduce: 2.84 | step: 12.76
[2024-11-23 01:12:41,689] [INFO] [logging.py:128:log_dist] [Rank 0] time (ms) | fwd_microstep: 89.70 | bwd_microstep: 170.75 | bwd_inner_microstep: 167.90 | bwd_allreduce_microstep: 2.85 | step_microstep: 12.74
[2024-11-23 01:12:41,689] [INFO] [logging.py:128:log_dist] [Rank 0] time (ms) | fwd: 89.67 | bwd: 170.75 | bwd_inner: 167.90 | bwd_allreduce: 2.85 | step: 12.77
[2024-11-23 01:12:41,965] [INFO] [logging.py:128:log_dist] [Rank 0] time (ms) | fwd_microstep: 89.71 | bwd_microstep: 170.28 | bwd_inner_microstep: 167.43 | bwd_allreduce_microstep: 2.84 | step_microstep: 12.71
[2024-11-23 01:12:41,965] [INFO] [logging.py:128:log_dist] [Rank 0] time (ms) | fwd: 89.69 | bwd: 170.28 | bwd_inner: 167.43 | bwd_allreduce: 2.84 | step: 12.75
[2024-11-23 01:12:42,240] [INFO] [logging.py:128:log_dist] [Rank 0] time (ms) | fwd_microstep: 89.70 | bwd_microstep: 170.27 | bwd_inner_microstep: 167.42 | bwd_allreduce_microstep: 2.84 | step_microstep: 12.74
[2024-11-23 01:12:42,241] [INFO] [logging.py:128:log_dist] [Rank 0] time (ms) | fwd: 89.67 | bwd: 170.27 | bwd_inner: 167.42 | bwd_allreduce: 2.84 | step: 12.78
[2024-11-23 01:12:42,517] [INFO] [logging.py:128:log_dist] [Rank 0] time (ms) | fwd_microstep: 89.74 | bwd_microstep: 170.67 | bwd_inner_microstep: 167.82 | bwd_allreduce_microstep: 2.85 | step_microstep: 12.73
[2024-11-23 01:12:42,517] [INFO] [logging.py:128:log_dist] [Rank 0] time (ms) | fwd: 89.71 | bwd: 170.67 | bwd_inner: 167.82 | bwd_allreduce: 2.85 | step: 12.76
[2024-11-23 01:12:42,793] [INFO] [logging.py:128:log_dist] [Rank 0] time (ms) | fwd_microstep: 89.69 | bwd_microstep: 170.99 | bwd_inner_microstep: 168.13 | bwd_allreduce_microstep: 2.85 | step_microstep: 12.74
[2024-11-23 01:12:42,793] [INFO] [logging.py:128:log_dist] [Rank 0] time (ms) | fwd: 89.67 | bwd: 170.99 | bwd_inner: 168.13 | bwd_allreduce: 2.85 | step: 12.77
[2024-11-23 01:12:43,069] [INFO] [logging.py:128:log_dist] [Rank 0] time (ms) | fwd_microstep: 89.77 | bwd_microstep: 170.82 | bwd_inner_microstep: 167.97 | bwd_allreduce_microstep: 2.84 | step_microstep: 12.71
[2024-11-23 01:12:43,070] [INFO] [logging.py:128:log_dist] [Rank 0] time (ms) | fwd: 89.74 | bwd: 170.82 | bwd_inner: 167.97 | bwd_allreduce: 2.84 | step: 12.74
[2024-11-23 01:12:43,346] [INFO] [logging.py:128:log_dist] [Rank 0] time (ms) | fwd_microstep: 89.84 | bwd_microstep: 170.83 | bwd_inner_microstep: 167.97 | bwd_allreduce_microstep: 2.85 | step_microstep: 12.74
[2024-11-23 01:12:43,347] [INFO] [logging.py:128:log_dist] [Rank 0] time (ms) | fwd: 89.81 | bwd: 170.83 | bwd_inner: 167.97 | bwd_allreduce: 2.85 | step: 12.77
[2024-11-23 01:12:43,623] [INFO] [logging.py:128:log_dist] [Rank 0] time (ms) | fwd_microstep: 89.83 | bwd_microstep: 170.77 | bwd_inner_microstep: 167.92 | bwd_allreduce_microstep: 2.85 | step_microstep: 12.72
[2024-11-23 01:12:43,623] [INFO] [logging.py:128:log_dist] [Rank 0] time (ms) | fwd: 89.81 | bwd: 170.77 | bwd_inner: 167.92 | bwd_allreduce: 2.85 | step: 12.75
[2024-11-23 01:12:43,902] [INFO] [logging.py:128:log_dist] [Rank 0] time (ms) | fwd_microstep: 89.88 | bwd_microstep: 171.12 | bwd_inner_microstep: 168.27 | bwd_allreduce_microstep: 2.84 | step_microstep: 12.70
[2024-11-23 01:12:43,902] [INFO] [logging.py:128:log_dist] [Rank 0] time (ms) | fwd: 89.85 | bwd: 171.12 | bwd_inner: 168.27 | bwd_allreduce: 2.84 | step: 12.73
[2024-11-23 01:12:44,178] [INFO] [logging.py:128:log_dist] [Rank 0] time (ms) | fwd_microstep: 89.86 | bwd_microstep: 170.85 | bwd_inner_microstep: 168.00 | bwd_allreduce_microstep: 2.84 | step_microstep: 12.68
[2024-11-23 01:12:44,178] [INFO] [logging.py:128:log_dist] [Rank 0] time (ms) | fwd: 89.84 | bwd: 170.85 | bwd_inner: 168.00 | bwd_allreduce: 2.84 | step: 12.71
[2024-11-23 01:12:44,455] [INFO] [logging.py:128:log_dist] [Rank 0] time (ms) | fwd_microstep: 89.81 | bwd_microstep: 171.43 | bwd_inner_microstep: 168.58 | bwd_allreduce_microstep: 2.85 | step_microstep: 12.69
[2024-11-23 01:12:44,455] [INFO] [logging.py:128:log_dist] [Rank 0] time (ms) | fwd: 89.78 | bwd: 171.43 | bwd_inner: 168.58 | bwd_allreduce: 2.85 | step: 12.72
[2024-11-23 01:12:44,731] [INFO] [logging.py:128:log_dist] [Rank 0] time (ms) | fwd_microstep: 89.85 | bwd_microstep: 171.04 | bwd_inner_microstep: 168.19 | bwd_allreduce_microstep: 2.85 | step_microstep: 12.71
[2024-11-23 01:12:44,731] [INFO] [logging.py:128:log_dist] [Rank 0] time (ms) | fwd: 89.82 | bwd: 171.04 | bwd_inner: 168.19 | bwd_allreduce: 2.85 | step: 12.75
[2024-11-23 01:12:44,913] [INFO] [logging.py:128:log_dist] [Rank 0] time (ms) | fwd_microstep: 56.16 | bwd_microstep: 111.27 | bwd_inner_microstep: 108.40 | bwd_allreduce_microstep: 2.85 | step_microstep: 12.70
[2024-11-23 01:12:44,913] [INFO] [logging.py:128:log_dist] [Rank 0] time (ms) | fwd: 56.13 | bwd: 111.27 | bwd_inner: 108.40 | bwd_allreduce: 2.85 | step: 12.73
[2024-11-23 01:12:45,525] [INFO] [logging.py:128:log_dist] [Rank 0] time (ms) | fwd_microstep: 90.88 | bwd_microstep: 170.64 | bwd_inner_microstep: 167.79 | bwd_allreduce_microstep: 2.85 | step_microstep: 12.89
[2024-11-23 01:12:45,526] [INFO] [logging.py:128:log_dist] [Rank 0] time (ms) | fwd: 90.83 | bwd: 170.64 | bwd_inner: 167.79 | bwd_allreduce: 2.85 | step: 12.93
[2024-11-23 01:12:45,803] [INFO] [logging.py:128:log_dist] [Rank 0] time (ms) | fwd_microstep: 89.84 | bwd_microstep: 171.07 | bwd_inner_microstep: 168.22 | bwd_allreduce_microstep: 2.84 | step_microstep: 12.75
[2024-11-23 01:12:45,803] [INFO] [logging.py:128:log_dist] [Rank 0] time (ms) | fwd: 89.82 | bwd: 171.07 | bwd_inner: 168.22 | bwd_allreduce: 2.85 | step: 12.78
[2024-11-23 01:12:46,079] [INFO] [logging.py:128:log_dist] [Rank 0] time (ms) | fwd_microstep: 89.95 | bwd_microstep: 171.13 | bwd_inner_microstep: 168.28 | bwd_allreduce_microstep: 2.84 | step_microstep: 12.75
[2024-11-23 01:12:46,080] [INFO] [logging.py:128:log_dist] [Rank 0] time (ms) | fwd: 89.91 | bwd: 171.13 | bwd_inner: 168.28 | bwd_allreduce: 2.84 | step: 12.79
[2024-11-23 01:12:46,357] [INFO] [logging.py:128:log_dist] [Rank 0] time (ms) | fwd_microstep: 90.05 | bwd_microstep: 171.12 | bwd_inner_microstep: 168.27 | bwd_allreduce_microstep: 2.85 | step_microstep: 12.95
[2024-11-23 01:12:46,357] [INFO] [logging.py:128:log_dist] [Rank 0] time (ms) | fwd: 90.03 | bwd: 171.12 | bwd_inner: 168.27 | bwd_allreduce: 2.85 | step: 13.00
[2024-11-23 01:12:46,635] [INFO] [logging.py:128:log_dist] [Rank 0] time (ms) | fwd_microstep: 90.06 | bwd_microstep: 171.32 | bwd_inner_microstep: 168.46 | bwd_allreduce_microstep: 2.85 | step_microstep: 12.74
[2024-11-23 01:12:46,635] [INFO] [logging.py:128:log_dist] [Rank 0] time (ms) | fwd: 90.03 | bwd: 171.32 | bwd_inner: 168.46 | bwd_allreduce: 2.85 | step: 12.78
[2024-11-23 01:12:46,911] [INFO] [logging.py:128:log_dist] [Rank 0] time (ms) | fwd_microstep: 89.93 | bwd_microstep: 171.27 | bwd_inner_microstep: 168.41 | bwd_allreduce_microstep: 2.85 | step_microstep: 12.75
[2024-11-23 01:12:46,912] [INFO] [logging.py:128:log_dist] [Rank 0] time (ms) | fwd: 89.91 | bwd: 171.27 | bwd_inner: 168.41 | bwd_allreduce: 2.85 | step: 12.78
[2024-11-23 01:12:47,189] [INFO] [logging.py:128:log_dist] [Rank 0] time (ms) | fwd_microstep: 90.11 | bwd_microstep: 171.43 | bwd_inner_microstep: 168.57 | bwd_allreduce_microstep: 2.85 | step_microstep: 12.76
[2024-11-23 01:12:47,189] [INFO] [logging.py:128:log_dist] [Rank 0] time (ms) | fwd: 90.08 | bwd: 171.43 | bwd_inner: 168.57 | bwd_allreduce: 2.85 | step: 12.80
[2024-11-23 01:12:47,466] [INFO] [logging.py:128:log_dist] [Rank 0] time (ms) | fwd_microstep: 90.05 | bwd_microstep: 171.54 | bwd_inner_microstep: 168.69 | bwd_allreduce_microstep: 2.85 | step_microstep: 12.75
[2024-11-23 01:12:47,466] [INFO] [logging.py:128:log_dist] [Rank 0] time (ms) | fwd: 90.02 | bwd: 171.54 | bwd_inner: 168.69 | bwd_allreduce: 2.85 | step: 12.79
[2024-11-23 01:12:47,743] [INFO] [logging.py:128:log_dist] [Rank 0] time (ms) | fwd_microstep: 90.17 | bwd_microstep: 171.29 | bwd_inner_microstep: 168.44 | bwd_allreduce_microstep: 2.85 | step_microstep: 12.75
[2024-11-23 01:12:47,744] [INFO] [logging.py:128:log_dist] [Rank 0] time (ms) | fwd: 90.14 | bwd: 171.29 | bwd_inner: 168.44 | bwd_allreduce: 2.85 | step: 12.78
[2024-11-23 01:12:48,021] [INFO] [logging.py:128:log_dist] [Rank 0] time (ms) | fwd_microstep: 90.10 | bwd_microstep: 171.43 | bwd_inner_microstep: 168.58 | bwd_allreduce_microstep: 2.85 | step_microstep: 12.83
[2024-11-23 01:12:48,021] [INFO] [logging.py:128:log_dist] [Rank 0] time (ms) | fwd: 90.07 | bwd: 171.43 | bwd_inner: 168.58 | bwd_allreduce: 2.85 | step: 12.87
[2024-11-23 01:12:48,298] [INFO] [logging.py:128:log_dist] [Rank 0] time (ms) | fwd_microstep: 90.09 | bwd_microstep: 171.27 | bwd_inner_microstep: 168.41 | bwd_allreduce_microstep: 2.85 | step_microstep: 12.74
[2024-11-23 01:12:48,298] [INFO] [logging.py:128:log_dist] [Rank 0] time (ms) | fwd: 90.06 | bwd: 171.27 | bwd_inner: 168.41 | bwd_allreduce: 2.85 | step: 12.77
[2024-11-23 01:12:48,576] [INFO] [logging.py:128:log_dist] [Rank 0] time (ms) | fwd_microstep: 90.15 | bwd_microstep: 171.65 | bwd_inner_microstep: 168.78 | bwd_allreduce_microstep: 2.86 | step_microstep: 12.71
[2024-11-23 01:12:48,576] [INFO] [logging.py:128:log_dist] [Rank 0] time (ms) | fwd: 90.12 | bwd: 171.65 | bwd_inner: 168.78 | bwd_allreduce: 2.86 | step: 12.74
[2024-11-23 01:12:48,853] [INFO] [logging.py:128:log_dist] [Rank 0] time (ms) | fwd_microstep: 90.12 | bwd_microstep: 172.01 | bwd_inner_microstep: 169.15 | bwd_allreduce_microstep: 2.85 | step_microstep: 12.69
[2024-11-23 01:12:48,854] [INFO] [logging.py:128:log_dist] [Rank 0] time (ms) | fwd: 90.09 | bwd: 172.01 | bwd_inner: 169.15 | bwd_allreduce: 2.85 | step: 12.72
[2024-11-23 01:12:49,130] [INFO] [logging.py:128:log_dist] [Rank 0] time (ms) | fwd_microstep: 90.12 | bwd_microstep: 171.48 | bwd_inner_microstep: 168.62 | bwd_allreduce_microstep: 2.85 | step_microstep: 12.68
[2024-11-23 01:12:49,130] [INFO] [logging.py:128:log_dist] [Rank 0] time (ms) | fwd: 90.09 | bwd: 171.48 | bwd_inner: 168.62 | bwd_allreduce: 2.85 | step: 12.71
[2024-11-23 01:12:49,407] [INFO] [logging.py:128:log_dist] [Rank 0] time (ms) | fwd_microstep: 90.06 | bwd_microstep: 171.87 | bwd_inner_microstep: 169.01 | bwd_allreduce_microstep: 2.85 | step_microstep: 12.73
[2024-11-23 01:12:49,408] [INFO] [logging.py:128:log_dist] [Rank 0] time (ms) | fwd: 90.03 | bwd: 171.87 | bwd_inner: 169.01 | bwd_allreduce: 2.85 | step: 12.76
[2024-11-23 01:12:49,590] [INFO] [logging.py:128:log_dist] [Rank 0] time (ms) | fwd_microstep: 56.34 | bwd_microstep: 111.35 | bwd_inner_microstep: 108.48 | bwd_allreduce_microstep: 2.86 | step_microstep: 12.69
[2024-11-23 01:12:49,590] [INFO] [logging.py:128:log_dist] [Rank 0] time (ms) | fwd: 56.32 | bwd: 111.35 | bwd_inner: 108.48 | bwd_allreduce: 2.86 | step: 12.72
[2024-11-23 01:12:50,211] [INFO] [logging.py:128:log_dist] [Rank 0] time (ms) | fwd_microstep: 90.79 | bwd_microstep: 171.37 | bwd_inner_microstep: 168.51 | bwd_allreduce_microstep: 2.85 | step_microstep: 12.75
[2024-11-23 01:12:50,211] [INFO] [logging.py:128:log_dist] [Rank 0] time (ms) | fwd: 90.76 | bwd: 171.37 | bwd_inner: 168.51 | bwd_allreduce: 2.85 | step: 12.78
[2024-11-23 01:12:50,489] [INFO] [logging.py:128:log_dist] [Rank 0] time (ms) | fwd_microstep: 90.11 | bwd_microstep: 171.91 | bwd_inner_microstep: 169.06 | bwd_allreduce_microstep: 2.85 | step_microstep: 12.73
[2024-11-23 01:12:50,489] [INFO] [logging.py:128:log_dist] [Rank 0] time (ms) | fwd: 90.08 | bwd: 171.91 | bwd_inner: 169.06 | bwd_allreduce: 2.85 | step: 12.76
[2024-11-23 01:12:50,767] [INFO] [logging.py:128:log_dist] [Rank 0] time (ms) | fwd_microstep: 90.26 | bwd_microstep: 171.83 | bwd_inner_microstep: 168.96 | bwd_allreduce_microstep: 2.85 | step_microstep: 12.73
[2024-11-23 01:12:50,767] [INFO] [logging.py:128:log_dist] [Rank 0] time (ms) | fwd: 90.24 | bwd: 171.83 | bwd_inner: 168.96 | bwd_allreduce: 2.85 | step: 12.76
[2024-11-23 01:12:51,044] [INFO] [logging.py:128:log_dist] [Rank 0] time (ms) | fwd_microstep: 90.37 | bwd_microstep: 171.86 | bwd_inner_microstep: 169.00 | bwd_allreduce_microstep: 2.85 | step_microstep: 12.73
[2024-11-23 01:12:51,045] [INFO] [logging.py:128:log_dist] [Rank 0] time (ms) | fwd: 90.33 | bwd: 171.86 | bwd_inner: 169.00 | bwd_allreduce: 2.85 | step: 12.76
[2024-11-23 01:12:51,322] [INFO] [logging.py:128:log_dist] [Rank 0] time (ms) | fwd_microstep: 90.23 | bwd_microstep: 171.64 | bwd_inner_microstep: 168.78 | bwd_allreduce_microstep: 2.85 | step_microstep: 12.73
[2024-11-23 01:12:51,322] [INFO] [logging.py:128:log_dist] [Rank 0] time (ms) | fwd: 90.21 | bwd: 171.64 | bwd_inner: 168.78 | bwd_allreduce: 2.85 | step: 12.77
[2024-11-23 01:12:51,600] [INFO] [logging.py:128:log_dist] [Rank 0] time (ms) | fwd_microstep: 90.27 | bwd_microstep: 171.98 | bwd_inner_microstep: 169.12 | bwd_allreduce_microstep: 2.85 | step_microstep: 12.72
[2024-11-23 01:12:51,600] [INFO] [logging.py:128:log_dist] [Rank 0] time (ms) | fwd: 90.25 | bwd: 171.98 | bwd_inner: 169.12 | bwd_allreduce: 2.85 | step: 12.75
[2024-11-23 01:12:51,878] [INFO] [logging.py:128:log_dist] [Rank 0] time (ms) | fwd_microstep: 90.36 | bwd_microstep: 171.97 | bwd_inner_microstep: 169.11 | bwd_allreduce_microstep: 2.85 | step_microstep: 12.72
[2024-11-23 01:12:51,878] [INFO] [logging.py:128:log_dist] [Rank 0] time (ms) | fwd: 90.33 | bwd: 171.97 | bwd_inner: 169.11 | bwd_allreduce: 2.85 | step: 12.76
[2024-11-23 01:12:52,156] [INFO] [logging.py:128:log_dist] [Rank 0] time (ms) | fwd_microstep: 90.47 | bwd_microstep: 171.84 | bwd_inner_microstep: 168.99 | bwd_allreduce_microstep: 2.84 | step_microstep: 12.73
[2024-11-23 01:12:52,156] [INFO] [logging.py:128:log_dist] [Rank 0] time (ms) | fwd: 90.45 | bwd: 171.84 | bwd_inner: 168.99 | bwd_allreduce: 2.84 | step: 12.76
[2024-11-23 01:12:52,434] [INFO] [logging.py:128:log_dist] [Rank 0] time (ms) | fwd_microstep: 90.40 | bwd_microstep: 172.16 | bwd_inner_microstep: 169.31 | bwd_allreduce_microstep: 2.85 | step_microstep: 12.73
[2024-11-23 01:12:52,434] [INFO] [logging.py:128:log_dist] [Rank 0] time (ms) | fwd: 90.38 | bwd: 172.16 | bwd_inner: 169.31 | bwd_allreduce: 2.85 | step: 12.76
[2024-11-23 01:12:52,711] [INFO] [logging.py:128:log_dist] [Rank 0] time (ms) | fwd_microstep: 90.27 | bwd_microstep: 171.64 | bwd_inner_microstep: 168.78 | bwd_allreduce_microstep: 2.86 | step_microstep: 12.76
[2024-11-23 01:12:52,712] [INFO] [logging.py:128:log_dist] [Rank 0] time (ms) | fwd: 90.25 | bwd: 171.64 | bwd_inner: 168.78 | bwd_allreduce: 2.86 | step: 12.79
[2024-11-23 01:12:52,989] [INFO] [logging.py:128:log_dist] [Rank 0] time (ms) | fwd_microstep: 90.08 | bwd_microstep: 171.60 | bwd_inner_microstep: 168.73 | bwd_allreduce_microstep: 2.86 | step_microstep: 12.77
[2024-11-23 01:12:52,989] [INFO] [logging.py:128:log_dist] [Rank 0] time (ms) | fwd: 90.06 | bwd: 171.60 | bwd_inner: 168.73 | bwd_allreduce: 2.86 | step: 12.80
[2024-11-23 01:12:53,266] [INFO] [logging.py:128:log_dist] [Rank 0] time (ms) | fwd_microstep: 90.13 | bwd_microstep: 171.70 | bwd_inner_microstep: 168.83 | bwd_allreduce_microstep: 2.86 | step_microstep: 12.71
[2024-11-23 01:12:53,266] [INFO] [logging.py:128:log_dist] [Rank 0] time (ms) | fwd: 90.11 | bwd: 171.70 | bwd_inner: 168.83 | bwd_allreduce: 2.86 | step: 12.73
[2024-11-23 01:12:53,543] [INFO] [logging.py:128:log_dist] [Rank 0] time (ms) | fwd_microstep: 90.15 | bwd_microstep: 171.49 | bwd_inner_microstep: 168.63 | bwd_allreduce_microstep: 2.85 | step_microstep: 12.69
[2024-11-23 01:12:53,543] [INFO] [logging.py:128:log_dist] [Rank 0] time (ms) | fwd: 90.13 | bwd: 171.49 | bwd_inner: 168.63 | bwd_allreduce: 2.85 | step: 12.72
[2024-11-23 01:12:53,820] [INFO] [logging.py:128:log_dist] [Rank 0] time (ms) | fwd_microstep: 90.18 | bwd_microstep: 171.82 | bwd_inner_microstep: 168.97 | bwd_allreduce_microstep: 2.85 | step_microstep: 12.69
[2024-11-23 01:12:53,821] [INFO] [logging.py:128:log_dist] [Rank 0] time (ms) | fwd: 90.16 | bwd: 171.82 | bwd_inner: 168.97 | bwd_allreduce: 2.85 | step: 12.71
[2024-11-23 01:12:54,097] [INFO] [logging.py:128:log_dist] [Rank 0] time (ms) | fwd_microstep: 90.17 | bwd_microstep: 171.78 | bwd_inner_microstep: 168.92 | bwd_allreduce_microstep: 2.85 | step_microstep: 12.70
[2024-11-23 01:12:54,098] [INFO] [logging.py:128:log_dist] [Rank 0] time (ms) | fwd: 90.15 | bwd: 171.78 | bwd_inner: 168.92 | bwd_allreduce: 2.85 | step: 12.72
[2024-11-23 01:12:54,280] [INFO] [logging.py:128:log_dist] [Rank 0] time (ms) | fwd_microstep: 56.30 | bwd_microstep: 111.39 | bwd_inner_microstep: 108.53 | bwd_allreduce_microstep: 2.86 | step_microstep: 12.69
[2024-11-23 01:12:54,280] [INFO] [logging.py:128:log_dist] [Rank 0] time (ms) | fwd: 56.28 | bwd: 111.39 | bwd_inner: 108.53 | bwd_allreduce: 2.86 | step: 12.72
