NCCL Debugging is disabled.
NCCL Debugging is disabled.
NCCL Debugging is disabled.
[2024-11-12 19:16:10,210] [INFO] [real_accelerator.py:219:get_accelerator] Setting ds_accelerator to cuda (auto detect)
Warning: The cache directory for DeepSpeed Triton autotune, /home/h3trinh/.triton/autotune, appears to be on an NFS system. While this is generally acceptable, if you experience slowdowns or hanging when DeepSpeed exits, it is recommended to set the TRITON_CACHE_DIR environment variable to a non-NFS path.
[2024-11-12 19:16:10,362] [INFO] [real_accelerator.py:219:get_accelerator] Setting ds_accelerator to cuda (auto detect)
[2024-11-12 19:16:10,410] [INFO] [real_accelerator.py:219:get_accelerator] Setting ds_accelerator to cuda (auto detect)
Warning: The cache directory for DeepSpeed Triton autotune, /home/h3trinh/.triton/autotune, appears to be on an NFS system. While this is generally acceptable, if you experience slowdowns or hanging when DeepSpeed exits, it is recommended to set the TRITON_CACHE_DIR environment variable to a non-NFS path.
Warning: The cache directory for DeepSpeed Triton autotune, /home/h3trinh/.triton/autotune, appears to be on an NFS system. While this is generally acceptable, if you experience slowdowns or hanging when DeepSpeed exits, it is recommended to set the TRITON_CACHE_DIR environment variable to a non-NFS path.
[2024-11-12 19:16:10,997] [INFO] [comm.py:652:init_distributed] cdb=None
[2024-11-12 19:16:10,997] [INFO] [comm.py:667:init_distributed] Not using the DeepSpeed or dist launchers, attempting to detect MPI environment...
[2024-11-12 19:16:11,283] [INFO] [comm.py:652:init_distributed] cdb=None
[2024-11-12 19:16:11,284] [INFO] [comm.py:667:init_distributed] Not using the DeepSpeed or dist launchers, attempting to detect MPI environment...
[2024-11-12 19:16:11,328] [INFO] [comm.py:652:init_distributed] cdb=None
[2024-11-12 19:16:11,328] [INFO] [comm.py:667:init_distributed] Not using the DeepSpeed or dist launchers, attempting to detect MPI environment...
[2024-11-12 19:16:11,618] [INFO] [comm.py:718:mpi_discovery] Discovered MPI settings of world_rank=1, local_rank=0, world_size=3, master_addr=129.97.92.169, master_port=29500
[2024-11-12 19:16:11,617] [INFO] [comm.py:718:mpi_discovery] Discovered MPI settings of world_rank=0, local_rank=0, world_size=3, master_addr=129.97.92.169, master_port=29500
[2024-11-12 19:16:11,618] [INFO] [comm.py:683:init_distributed] Initializing TorchBackend in DeepSpeed with backend nccl
[2024-11-12 19:16:11,616] [INFO] [comm.py:718:mpi_discovery] Discovered MPI settings of world_rank=2, local_rank=0, world_size=3, master_addr=129.97.92.169, master_port=29500
[2024-11-12 19:16:12,220] [INFO] [logging.py:129:log_dist] [Rank 0] DeepSpeed info: version=0.15.3, git-hash=unknown, git-branch=unknown
[2024-11-12 19:16:12,221] [INFO] [config.py:733:__init__] Config mesh_device None world_size = 3
[2024-11-12 19:16:12,235] [INFO] [config.py:733:__init__] Config mesh_device None world_size = 3
[2024-11-12 19:16:12,287] [INFO] [config.py:733:__init__] Config mesh_device None world_size = 3
[2024-11-12 19:16:12,650] [INFO] [logging.py:129:log_dist] [Rank 0] DeepSpeed Flops Profiler Enabled: False
[2024-11-12 19:16:12,650] [INFO] [logging.py:129:log_dist] [Rank 0] Using client Optimizer as basic optimizer
[2024-11-12 19:16:12,650] [INFO] [logging.py:129:log_dist] [Rank 0] Removing param_group that has no 'params' in the basic Optimizer
[2024-11-12 19:16:12,653] [INFO] [logging.py:129:log_dist] [Rank 0] DeepSpeed Basic Optimizer = AdamW
[2024-11-12 19:16:12,653] [INFO] [logging.py:129:log_dist] [Rank 0] Creating fp16 unfused optimizer with dynamic loss scale
[2024-11-12 19:16:12,653] [INFO] [unfused_optimizer.py:46:__init__] Fused Lamb Legacy : False 
[2024-11-12 19:16:12,862] [INFO] [logging.py:129:log_dist] [Rank 0] DeepSpeed Final Optimizer = FP16_UnfusedOptimizer
[2024-11-12 19:16:12,862] [INFO] [logging.py:129:log_dist] [Rank 0] DeepSpeed using configured LR scheduler = None
[2024-11-12 19:16:12,862] [INFO] [logging.py:129:log_dist] [Rank 0] DeepSpeed LR Scheduler = None
[2024-11-12 19:16:12,863] [INFO] [logging.py:129:log_dist] [Rank 0] step=0, skipped=0, lr=[0.0001], mom=[(0.9, 0.999)]
[2024-11-12 19:16:12,863] [INFO] [config.py:999:print] DeepSpeedEngine configuration:
[2024-11-12 19:16:12,863] [INFO] [config.py:1003:print]   activation_checkpointing_config  {
    "partition_activations": false, 
    "contiguous_memory_optimization": false, 
    "cpu_checkpointing": false, 
    "number_checkpoints": null, 
    "synchronize_checkpoint_boundary": false, 
    "profile": false
}
[2024-11-12 19:16:12,863] [INFO] [config.py:1003:print]   aio_config ................... {'block_size': 1048576, 'queue_depth': 8, 'thread_count': 1, 'single_submit': False, 'overlap_events': True, 'use_gds': False}
[2024-11-12 19:16:12,863] [INFO] [config.py:1003:print]   amp_enabled .................. False
[2024-11-12 19:16:12,863] [INFO] [config.py:1003:print]   amp_params ................... False
[2024-11-12 19:16:12,863] [INFO] [config.py:1003:print]   autotuning_config ............ {
    "enabled": false, 
    "start_step": null, 
    "end_step": null, 
    "metric_path": null, 
    "arg_mappings": null, 
    "metric": "throughput", 
    "model_info": null, 
    "results_dir": "autotuning_results", 
    "exps_dir": "autotuning_exps", 
    "overwrite": true, 
    "fast": true, 
    "start_profile_step": 3, 
    "end_profile_step": 5, 
    "tuner_type": "gridsearch", 
    "tuner_early_stopping": 5, 
    "tuner_num_trials": 50, 
    "model_info_path": null, 
    "mp_size": 1, 
    "max_train_batch_size": null, 
    "min_train_batch_size": 1, 
    "max_train_micro_batch_size_per_gpu": 1.024000e+03, 
    "min_train_micro_batch_size_per_gpu": 1, 
    "num_tuning_micro_batch_sizes": 3
}
[2024-11-12 19:16:12,863] [INFO] [config.py:1003:print]   bfloat16_enabled ............. False
[2024-11-12 19:16:12,863] [INFO] [config.py:1003:print]   bfloat16_immediate_grad_update  False
[2024-11-12 19:16:12,863] [INFO] [config.py:1003:print]   checkpoint_parallel_write_pipeline  False
[2024-11-12 19:16:12,863] [INFO] [config.py:1003:print]   checkpoint_tag_validation_enabled  True
[2024-11-12 19:16:12,863] [INFO] [config.py:1003:print]   checkpoint_tag_validation_fail  False
[2024-11-12 19:16:12,863] [INFO] [config.py:1003:print]   comms_config ................. <deepspeed.comm.config.DeepSpeedCommsConfig object at 0x7f4cf27e43d0>
[2024-11-12 19:16:12,863] [INFO] [config.py:1003:print]   communication_data_type ...... None
[2024-11-12 19:16:12,863] [INFO] [config.py:1003:print]   compression_config ........... {'weight_quantization': {'shared_parameters': {'enabled': False, 'quantizer_kernel': False, 'schedule_offset': 0, 'quantize_groups': 1, 'quantize_verbose': False, 'quantization_type': 'symmetric', 'quantize_weight_in_forward': False, 'rounding': 'nearest', 'fp16_mixed_quantize': False, 'quantize_change_ratio': 0.001}, 'different_groups': {}}, 'activation_quantization': {'shared_parameters': {'enabled': False, 'quantization_type': 'symmetric', 'range_calibration': 'dynamic', 'schedule_offset': 1000}, 'different_groups': {}}, 'sparse_pruning': {'shared_parameters': {'enabled': False, 'method': 'l1', 'schedule_offset': 1000}, 'different_groups': {}}, 'row_pruning': {'shared_parameters': {'enabled': False, 'method': 'l1', 'schedule_offset': 1000}, 'different_groups': {}}, 'head_pruning': {'shared_parameters': {'enabled': False, 'method': 'topk', 'schedule_offset': 1000}, 'different_groups': {}}, 'channel_pruning': {'shared_parameters': {'enabled': False, 'method': 'l1', 'schedule_offset': 1000}, 'different_groups': {}}, 'layer_reduction': {'enabled': False}}
[2024-11-12 19:16:12,863] [INFO] [config.py:1003:print]   curriculum_enabled_legacy .... False
[2024-11-12 19:16:12,863] [INFO] [config.py:1003:print]   curriculum_params_legacy ..... False
[2024-11-12 19:16:12,863] [INFO] [config.py:1003:print]   data_efficiency_config ....... {'enabled': False, 'seed': 1234, 'data_sampling': {'enabled': False, 'num_epochs': 1000, 'num_workers': 0, 'curriculum_learning': {'enabled': False}}, 'data_routing': {'enabled': False, 'random_ltd': {'enabled': False, 'layer_token_lr_schedule': {'enabled': False}}}}
[2024-11-12 19:16:12,863] [INFO] [config.py:1003:print]   data_efficiency_enabled ...... False
[2024-11-12 19:16:12,863] [INFO] [config.py:1003:print]   dataloader_drop_last ......... False
[2024-11-12 19:16:12,863] [INFO] [config.py:1003:print]   disable_allgather ............ False
[2024-11-12 19:16:12,863] [INFO] [config.py:1003:print]   dump_state ................... False
[2024-11-12 19:16:12,863] [INFO] [config.py:1003:print]   dynamic_loss_scale_args ...... {'init_scale': 1024, 'scale_window': 1000, 'delayed_shift': 2, 'consecutive_hysteresis': False, 'min_scale': 1}
[2024-11-12 19:16:12,863] [INFO] [config.py:1003:print]   eigenvalue_enabled ........... False
[2024-11-12 19:16:12,863] [INFO] [config.py:1003:print]   eigenvalue_gas_boundary_resolution  1
[2024-11-12 19:16:12,863] [INFO] [config.py:1003:print]   eigenvalue_layer_name ........ bert.encoder.layer
[2024-11-12 19:16:12,864] [INFO] [config.py:1003:print]   eigenvalue_layer_num ......... 0
[2024-11-12 19:16:12,864] [INFO] [config.py:1003:print]   eigenvalue_max_iter .......... 100
[2024-11-12 19:16:12,864] [INFO] [config.py:1003:print]   eigenvalue_stability ......... 1e-06
[2024-11-12 19:16:12,864] [INFO] [config.py:1003:print]   eigenvalue_tol ............... 0.01
[2024-11-12 19:16:12,864] [INFO] [config.py:1003:print]   eigenvalue_verbose ........... False
[2024-11-12 19:16:12,864] [INFO] [config.py:1003:print]   elasticity_enabled ........... False
[2024-11-12 19:16:12,864] [INFO] [config.py:1003:print]   flops_profiler_config ........ {
    "enabled": false, 
    "recompute_fwd_factor": 0.0, 
    "profile_step": 1, 
    "module_depth": -1, 
    "top_modules": 1, 
    "detailed": true, 
    "output_file": null
}
[2024-11-12 19:16:12,864] [INFO] [config.py:1003:print]   fp16_auto_cast ............... False
[2024-11-12 19:16:12,864] [INFO] [config.py:1003:print]   fp16_enabled ................. True
[2024-11-12 19:16:12,864] [INFO] [config.py:1003:print]   fp16_master_weights_and_gradients  False
[2024-11-12 19:16:12,864] [INFO] [config.py:1003:print]   global_rank .................. 0
[2024-11-12 19:16:12,864] [INFO] [config.py:1003:print]   grad_accum_dtype ............. None
[2024-11-12 19:16:12,864] [INFO] [config.py:1003:print]   gradient_accumulation_steps .. 1
[2024-11-12 19:16:12,864] [INFO] [config.py:1003:print]   gradient_clipping ............ 0.0
[2024-11-12 19:16:12,864] [INFO] [config.py:1003:print]   gradient_predivide_factor .... 1.0
[2024-11-12 19:16:12,864] [INFO] [config.py:1003:print]   graph_harvesting ............. False
[2024-11-12 19:16:12,864] [INFO] [config.py:1003:print]   hybrid_engine ................ enabled=False max_out_tokens=512 inference_tp_size=1 release_inference_cache=False pin_parameters=True tp_gather_partition_size=8
[2024-11-12 19:16:12,864] [INFO] [config.py:1003:print]   initial_dynamic_scale ........ 1024
[2024-11-12 19:16:12,864] [INFO] [config.py:1003:print]   load_universal_checkpoint .... False
[2024-11-12 19:16:12,864] [INFO] [config.py:1003:print]   loss_scale ................... 0
[2024-11-12 19:16:12,864] [INFO] [config.py:1003:print]   memory_breakdown ............. False
[2024-11-12 19:16:12,864] [INFO] [config.py:1003:print]   mics_hierarchial_params_gather  False
[2024-11-12 19:16:12,864] [INFO] [config.py:1003:print]   mics_shard_size .............. -1
[2024-11-12 19:16:12,864] [INFO] [config.py:1003:print]   monitor_config ............... tensorboard=TensorBoardConfig(enabled=False, output_path='', job_name='DeepSpeedJobName') comet=CometConfig(enabled=False, samples_log_interval=100, project=None, workspace=None, api_key=None, experiment_name=None, experiment_key=None, online=None, mode=None) wandb=WandbConfig(enabled=False, group=None, team=None, project='deepspeed') csv_monitor=CSVConfig(enabled=False, output_path='', job_name='DeepSpeedJobName')
[2024-11-12 19:16:12,864] [INFO] [config.py:1003:print]   nebula_config ................ {
    "enabled": false, 
    "persistent_storage_path": null, 
    "persistent_time_interval": 100, 
    "num_of_version_in_retention": 2, 
    "enable_nebula_load": true, 
    "load_path": null
}
[2024-11-12 19:16:12,864] [INFO] [config.py:1003:print]   optimizer_legacy_fusion ...... False
[2024-11-12 19:16:12,864] [INFO] [config.py:1003:print]   optimizer_name ............... None
[2024-11-12 19:16:12,864] [INFO] [config.py:1003:print]   optimizer_params ............. None
[2024-11-12 19:16:12,864] [INFO] [config.py:1003:print]   pipeline ..................... {'stages': 'auto', 'partition': 'best', 'seed_layers': False, 'activation_checkpoint_interval': 0, 'pipe_partitioned': True, 'grad_partitioned': True}
[2024-11-12 19:16:12,864] [INFO] [config.py:1003:print]   pld_enabled .................. False
[2024-11-12 19:16:12,864] [INFO] [config.py:1003:print]   pld_params ................... False
[2024-11-12 19:16:12,864] [INFO] [config.py:1003:print]   prescale_gradients ........... False
[2024-11-12 19:16:12,864] [INFO] [config.py:1003:print]   scheduler_name ............... None
[2024-11-12 19:16:12,864] [INFO] [config.py:1003:print]   scheduler_params ............. None
[2024-11-12 19:16:12,864] [INFO] [config.py:1003:print]   seq_parallel_communication_data_type  torch.float32
[2024-11-12 19:16:12,864] [INFO] [config.py:1003:print]   sparse_attention ............. None
[2024-11-12 19:16:12,864] [INFO] [config.py:1003:print]   sparse_gradients_enabled ..... False
[2024-11-12 19:16:12,864] [INFO] [config.py:1003:print]   steps_per_print .............. None
[2024-11-12 19:16:12,864] [INFO] [config.py:1003:print]   timers_config ................ enabled=True synchronized=True
[2024-11-12 19:16:12,864] [INFO] [config.py:1003:print]   train_batch_size ............. 3
[2024-11-12 19:16:12,864] [INFO] [config.py:1003:print]   train_micro_batch_size_per_gpu  1
[2024-11-12 19:16:12,864] [INFO] [config.py:1003:print]   use_data_before_expert_parallel_  False
[2024-11-12 19:16:12,864] [INFO] [config.py:1003:print]   use_node_local_storage ....... False
[2024-11-12 19:16:12,864] [INFO] [config.py:1003:print]   wall_clock_breakdown ......... False
[2024-11-12 19:16:12,864] [INFO] [config.py:1003:print]   weight_quantization_config ... None
[2024-11-12 19:16:12,864] [INFO] [config.py:1003:print]   world_size ................... 3
[2024-11-12 19:16:12,864] [INFO] [config.py:1003:print]   zero_allow_untested_optimizer  False
[2024-11-12 19:16:12,864] [INFO] [config.py:1003:print]   zero_config .................. stage=0 contiguous_gradients=True reduce_scatter=True reduce_bucket_size=500000000 use_multi_rank_bucket_allreduce=True allgather_partitions=True allgather_bucket_size=500000000 overlap_comm=False load_from_fp32_weights=True elastic_checkpoint=False offload_param=None offload_optimizer=None sub_group_size=1000000000 cpu_offload_param=None cpu_offload_use_pin_memory=None cpu_offload=None prefetch_bucket_size=50000000 param_persistence_threshold=100000 model_persistence_threshold=9223372036854775807 max_live_parameters=1000000000 max_reuse_distance=1000000000 gather_16bit_weights_on_model_save=False use_all_reduce_for_fetch_params=False stage3_gather_fp16_weights_on_model_save=False ignore_unused_parameters=True legacy_stage1=False round_robin_gradients=False zero_hpz_partition_size=1 zero_quantized_weights=False zero_quantized_nontrainable_weights=False zero_quantized_gradients=False mics_shard_size=-1 mics_hierarchical_params_gather=False memory_efficient_linear=True pipeline_loading_checkpoint=False override_module_apply=True
[2024-11-12 19:16:12,864] [INFO] [config.py:1003:print]   zero_enabled ................. False
[2024-11-12 19:16:12,864] [INFO] [config.py:1003:print]   zero_force_ds_cpu_optimizer .. True
[2024-11-12 19:16:12,865] [INFO] [config.py:1003:print]   zero_optimization_stage ...... 0
[2024-11-12 19:16:12,865] [INFO] [config.py:989:print_user_config]   json = {
    "train_batch_size": 3, 
    "gradient_accumulation_steps": 1, 
    "micro_batch_per_gpu": 1, 
    "fp16": {
        "enabled": true, 
        "initial_scale_power": 10
    }
}
Files already downloaded and verified
[2024-11-12 19:20:53,002] [INFO] [unfused_optimizer.py:290:_update_scale] No Grad overflow for 1000 iterations
[2024-11-12 19:20:53,002] [INFO] [unfused_optimizer.py:291:_update_scale] Increasing dynamic loss scale from 1024 to 2048.0
[2024-11-12 19:20:53,002] [INFO] [unfused_optimizer.py:290:_update_scale] No Grad overflow for 1000 iterations
[2024-11-12 19:20:53,002] [INFO] [unfused_optimizer.py:291:_update_scale] Increasing dynamic loss scale from 1024 to 2048.0
[2024-11-12 19:20:53,002] [INFO] [unfused_optimizer.py:290:_update_scale] No Grad overflow for 1000 iterations
[2024-11-12 19:20:53,002] [INFO] [unfused_optimizer.py:291:_update_scale] Increasing dynamic loss scale from 1024 to 2048.0
[2024-11-12 19:25:31,839] [INFO] [unfused_optimizer.py:290:_update_scale] No Grad overflow for 1000 iterations
[2024-11-12 19:25:31,839] [INFO] [unfused_optimizer.py:291:_update_scale] Increasing dynamic loss scale from 2048.0 to 4096.0
[2024-11-12 19:25:31,840] [INFO] [unfused_optimizer.py:290:_update_scale] No Grad overflow for 1000 iterations
[2024-11-12 19:25:31,841] [INFO] [unfused_optimizer.py:291:_update_scale] Increasing dynamic loss scale from 2048.0 to 4096.0
[2024-11-12 19:25:31,839] [INFO] [unfused_optimizer.py:290:_update_scale] No Grad overflow for 1000 iterations
[2024-11-12 19:25:31,839] [INFO] [unfused_optimizer.py:291:_update_scale] Increasing dynamic loss scale from 2048.0 to 4096.0
[2024-11-12 19:30:19,190] [INFO] [unfused_optimizer.py:290:_update_scale] No Grad overflow for 1000 iterations
[2024-11-12 19:30:19,190] [INFO] [unfused_optimizer.py:291:_update_scale] Increasing dynamic loss scale from 4096.0 to 8192.0
[2024-11-12 19:30:19,190] [INFO] [unfused_optimizer.py:290:_update_scale] No Grad overflow for 1000 iterations
[2024-11-12 19:30:19,190] [INFO] [unfused_optimizer.py:291:_update_scale] Increasing dynamic loss scale from 4096.0 to 8192.0
[2024-11-12 19:30:19,190] [INFO] [unfused_optimizer.py:290:_update_scale] No Grad overflow for 1000 iterations
[2024-11-12 19:30:19,190] [INFO] [unfused_optimizer.py:291:_update_scale] Increasing dynamic loss scale from 4096.0 to 8192.0
[2024-11-12 19:30:20,053] [INFO] [unfused_optimizer.py:282:_update_scale] Grad overflow on iteration: 3003
[2024-11-12 19:30:20,053] [INFO] [unfused_optimizer.py:283:_update_scale] Reducing dynamic loss scale from 8192.0 to 4096.0
[2024-11-12 19:30:20,053] [INFO] [unfused_optimizer.py:208:step] [deepspeed] fp16 dynamic loss scale overflow! Skipping step. Attempted loss scale: 8192.0, reducing to 4096.0
[2024-11-12 19:30:20,052] [INFO] [unfused_optimizer.py:282:_update_scale] Grad overflow on iteration: 3003
[2024-11-12 19:30:20,052] [INFO] [unfused_optimizer.py:283:_update_scale] Reducing dynamic loss scale from 8192.0 to 4096.0
[2024-11-12 19:30:20,053] [INFO] [unfused_optimizer.py:208:step] [deepspeed] fp16 dynamic loss scale overflow! Skipping step. Attempted loss scale: 8192.0, reducing to 4096.0
[2024-11-12 19:30:20,052] [INFO] [unfused_optimizer.py:282:_update_scale] Grad overflow on iteration: 3003
[2024-11-12 19:30:20,052] [INFO] [unfused_optimizer.py:283:_update_scale] Reducing dynamic loss scale from 8192.0 to 4096.0
[2024-11-12 19:30:20,052] [INFO] [unfused_optimizer.py:208:step] [deepspeed] fp16 dynamic loss scale overflow! Skipping step. Attempted loss scale: 8192.0, reducing to 4096.0
[2024-11-12 19:31:46,576] [INFO] [unfused_optimizer.py:282:_update_scale] Grad overflow on iteration: 3305
[2024-11-12 19:31:46,576] [INFO] [unfused_optimizer.py:283:_update_scale] Reducing dynamic loss scale from 4096.0 to 2048.0
[2024-11-12 19:31:46,576] [INFO] [unfused_optimizer.py:208:step] [deepspeed] fp16 dynamic loss scale overflow! Skipping step. Attempted loss scale: 4096.0, reducing to 2048.0
[2024-11-12 19:31:46,578] [INFO] [unfused_optimizer.py:282:_update_scale] Grad overflow on iteration: 3305
[2024-11-12 19:31:46,578] [INFO] [unfused_optimizer.py:283:_update_scale] Reducing dynamic loss scale from 4096.0 to 2048.0
[2024-11-12 19:31:46,578] [INFO] [unfused_optimizer.py:208:step] [deepspeed] fp16 dynamic loss scale overflow! Skipping step. Attempted loss scale: 4096.0, reducing to 2048.0
[2024-11-12 19:31:46,576] [INFO] [unfused_optimizer.py:282:_update_scale] Grad overflow on iteration: 3305
[2024-11-12 19:31:46,576] [INFO] [unfused_optimizer.py:283:_update_scale] Reducing dynamic loss scale from 4096.0 to 2048.0
[2024-11-12 19:31:46,576] [INFO] [unfused_optimizer.py:208:step] [deepspeed] fp16 dynamic loss scale overflow! Skipping step. Attempted loss scale: 4096.0, reducing to 2048.0
[2024-11-12 19:35:10,082] [INFO] [unfused_optimizer.py:282:_update_scale] Grad overflow on iteration: 4014
[2024-11-12 19:35:10,082] [INFO] [unfused_optimizer.py:283:_update_scale] Reducing dynamic loss scale from 2048.0 to 1024.0
[2024-11-12 19:35:10,082] [INFO] [unfused_optimizer.py:208:step] [deepspeed] fp16 dynamic loss scale overflow! Skipping step. Attempted loss scale: 2048.0, reducing to 1024.0
[2024-11-12 19:35:10,082] [INFO] [unfused_optimizer.py:282:_update_scale] Grad overflow on iteration: 4014
[2024-11-12 19:35:10,082] [INFO] [unfused_optimizer.py:283:_update_scale] Reducing dynamic loss scale from 2048.0 to 1024.0
[2024-11-12 19:35:10,082] [INFO] [unfused_optimizer.py:208:step] [deepspeed] fp16 dynamic loss scale overflow! Skipping step. Attempted loss scale: 2048.0, reducing to 1024.0
[2024-11-12 19:35:10,081] [INFO] [unfused_optimizer.py:282:_update_scale] Grad overflow on iteration: 4014
[2024-11-12 19:35:10,082] [INFO] [unfused_optimizer.py:283:_update_scale] Reducing dynamic loss scale from 2048.0 to 1024.0
[2024-11-12 19:35:10,082] [INFO] [unfused_optimizer.py:208:step] [deepspeed] fp16 dynamic loss scale overflow! Skipping step. Attempted loss scale: 2048.0, reducing to 1024.0
[2024-11-12 19:39:54,086] [INFO] [unfused_optimizer.py:290:_update_scale] No Grad overflow for 1000 iterations
[2024-11-12 19:39:54,086] [INFO] [unfused_optimizer.py:291:_update_scale] Increasing dynamic loss scale from 1024.0 to 2048.0
[2024-11-12 19:39:54,086] [INFO] [unfused_optimizer.py:290:_update_scale] No Grad overflow for 1000 iterations
[2024-11-12 19:39:54,086] [INFO] [unfused_optimizer.py:291:_update_scale] Increasing dynamic loss scale from 1024.0 to 2048.0
[2024-11-12 19:39:54,085] [INFO] [unfused_optimizer.py:290:_update_scale] No Grad overflow for 1000 iterations
[2024-11-12 19:39:54,085] [INFO] [unfused_optimizer.py:291:_update_scale] Increasing dynamic loss scale from 1024.0 to 2048.0
[2024-11-12 19:44:36,236] [INFO] [unfused_optimizer.py:290:_update_scale] No Grad overflow for 1000 iterations
[2024-11-12 19:44:36,236] [INFO] [unfused_optimizer.py:291:_update_scale] Increasing dynamic loss scale from 2048.0 to 4096.0
[2024-11-12 19:44:36,236] [INFO] [unfused_optimizer.py:290:_update_scale] No Grad overflow for 1000 iterations
[2024-11-12 19:44:36,236] [INFO] [unfused_optimizer.py:291:_update_scale] Increasing dynamic loss scale from 2048.0 to 4096.0
[2024-11-12 19:44:36,236] [INFO] [unfused_optimizer.py:290:_update_scale] No Grad overflow for 1000 iterations
[2024-11-12 19:44:36,236] [INFO] [unfused_optimizer.py:291:_update_scale] Increasing dynamic loss scale from 2048.0 to 4096.0
[2024-11-12 19:44:36,791] [INFO] [unfused_optimizer.py:282:_update_scale] Grad overflow on iteration: 6017
[2024-11-12 19:44:36,792] [INFO] [unfused_optimizer.py:283:_update_scale] Reducing dynamic loss scale from 4096.0 to 2048.0
[2024-11-12 19:44:36,792] [INFO] [unfused_optimizer.py:208:step] [deepspeed] fp16 dynamic loss scale overflow! Skipping step. Attempted loss scale: 4096.0, reducing to 2048.0
[2024-11-12 19:44:36,791] [INFO] [unfused_optimizer.py:282:_update_scale] Grad overflow on iteration: 6017
[2024-11-12 19:44:36,791] [INFO] [unfused_optimizer.py:283:_update_scale] Reducing dynamic loss scale from 4096.0 to 2048.0
[2024-11-12 19:44:36,791] [INFO] [unfused_optimizer.py:208:step] [deepspeed] fp16 dynamic loss scale overflow! Skipping step. Attempted loss scale: 4096.0, reducing to 2048.0
[2024-11-12 19:44:36,790] [INFO] [unfused_optimizer.py:282:_update_scale] Grad overflow on iteration: 6017
[2024-11-12 19:44:36,791] [INFO] [unfused_optimizer.py:283:_update_scale] Reducing dynamic loss scale from 4096.0 to 2048.0
[2024-11-12 19:44:36,791] [INFO] [unfused_optimizer.py:208:step] [deepspeed] fp16 dynamic loss scale overflow! Skipping step. Attempted loss scale: 4096.0, reducing to 2048.0
[2024-11-12 19:49:15,397] [INFO] [unfused_optimizer.py:290:_update_scale] No Grad overflow for 1000 iterations
[2024-11-12 19:49:15,397] [INFO] [unfused_optimizer.py:291:_update_scale] Increasing dynamic loss scale from 2048.0 to 4096.0
[2024-11-12 19:49:15,398] [INFO] [unfused_optimizer.py:290:_update_scale] No Grad overflow for 1000 iterations
[2024-11-12 19:49:15,398] [INFO] [unfused_optimizer.py:291:_update_scale] Increasing dynamic loss scale from 2048.0 to 4096.0
[2024-11-12 19:49:15,398] [INFO] [unfused_optimizer.py:290:_update_scale] No Grad overflow for 1000 iterations
[2024-11-12 19:49:15,398] [INFO] [unfused_optimizer.py:291:_update_scale] Increasing dynamic loss scale from 2048.0 to 4096.0
[2024-11-12 19:49:17,610] [INFO] [unfused_optimizer.py:282:_update_scale] Grad overflow on iteration: 7025
[2024-11-12 19:49:17,610] [INFO] [unfused_optimizer.py:283:_update_scale] Reducing dynamic loss scale from 4096.0 to 2048.0
[2024-11-12 19:49:17,610] [INFO] [unfused_optimizer.py:208:step] [deepspeed] fp16 dynamic loss scale overflow! Skipping step. Attempted loss scale: 4096.0, reducing to 2048.0
[2024-11-12 19:49:17,611] [INFO] [unfused_optimizer.py:282:_update_scale] Grad overflow on iteration: 7025
[2024-11-12 19:49:17,611] [INFO] [unfused_optimizer.py:283:_update_scale] Reducing dynamic loss scale from 4096.0 to 2048.0
[2024-11-12 19:49:17,611] [INFO] [unfused_optimizer.py:208:step] [deepspeed] fp16 dynamic loss scale overflow! Skipping step. Attempted loss scale: 4096.0, reducing to 2048.0
[2024-11-12 19:49:17,609] [INFO] [unfused_optimizer.py:282:_update_scale] Grad overflow on iteration: 7025
[2024-11-12 19:49:17,609] [INFO] [unfused_optimizer.py:283:_update_scale] Reducing dynamic loss scale from 4096.0 to 2048.0
[2024-11-12 19:49:17,609] [INFO] [unfused_optimizer.py:208:step] [deepspeed] fp16 dynamic loss scale overflow! Skipping step. Attempted loss scale: 4096.0, reducing to 2048.0
[2024-11-12 19:53:55,487] [INFO] [unfused_optimizer.py:290:_update_scale] No Grad overflow for 1000 iterations
[2024-11-12 19:53:55,487] [INFO] [unfused_optimizer.py:291:_update_scale] Increasing dynamic loss scale from 2048.0 to 4096.0
[2024-11-12 19:53:55,488] [INFO] [unfused_optimizer.py:290:_update_scale] No Grad overflow for 1000 iterations
[2024-11-12 19:53:55,488] [INFO] [unfused_optimizer.py:291:_update_scale] Increasing dynamic loss scale from 2048.0 to 4096.0
[2024-11-12 19:53:55,488] [INFO] [unfused_optimizer.py:290:_update_scale] No Grad overflow for 1000 iterations
[2024-11-12 19:53:55,488] [INFO] [unfused_optimizer.py:291:_update_scale] Increasing dynamic loss scale from 2048.0 to 4096.0
[2024-11-12 19:53:55,749] [INFO] [unfused_optimizer.py:282:_update_scale] Grad overflow on iteration: 8027
[2024-11-12 19:53:55,749] [INFO] [unfused_optimizer.py:283:_update_scale] Reducing dynamic loss scale from 4096.0 to 2048.0
[2024-11-12 19:53:55,749] [INFO] [unfused_optimizer.py:208:step] [deepspeed] fp16 dynamic loss scale overflow! Skipping step. Attempted loss scale: 4096.0, reducing to 2048.0
[2024-11-12 19:53:55,749] [INFO] [unfused_optimizer.py:282:_update_scale] Grad overflow on iteration: 8027
[2024-11-12 19:53:55,749] [INFO] [unfused_optimizer.py:283:_update_scale] Reducing dynamic loss scale from 4096.0 to 2048.0
[2024-11-12 19:53:55,749] [INFO] [unfused_optimizer.py:208:step] [deepspeed] fp16 dynamic loss scale overflow! Skipping step. Attempted loss scale: 4096.0, reducing to 2048.0
[2024-11-12 19:53:55,749] [INFO] [unfused_optimizer.py:282:_update_scale] Grad overflow on iteration: 8027
[2024-11-12 19:53:55,749] [INFO] [unfused_optimizer.py:283:_update_scale] Reducing dynamic loss scale from 4096.0 to 2048.0
[2024-11-12 19:53:55,749] [INFO] [unfused_optimizer.py:208:step] [deepspeed] fp16 dynamic loss scale overflow! Skipping step. Attempted loss scale: 4096.0, reducing to 2048.0
